 M1                    X                     Y                     Z                  N          
 N1        0.00000000000000E+00  0.00000000000000E+00  0.00000000000000E+00  0.00000000000000E+00
 N9        0.00000000000000E+00  4.00000000000000E+00  3.00000000000000E+00  0.00000000000000E+00
 M2                    X                     Y                     Z                  N          
 N1        0.00000000000000E+00  0.00000000000000E+00  0.00000000000000E+00  0.00000000000000E+00
 N37       5.00000000000000E+00  0.00000000000000E+00  3.00000000000000E+00  0.00000000000000E+00
 M13                   X                     Y                     Z                  N          
 N8        0.00000000000000E+00  4.00000000000000E+00  0.00000000000000E+00  0.00000000000000E+00
 N16       0.00000000000000E+00  8.00000000000000E+00  3.00000000000000E+00  0.00000000000000E+00
 M14                   X                     Y                     Z                  N          
 N8        0.00000000000000E+00  4.00000000000000E+00  0.00000000000000E+00  0.00000000000000E+00
 N44       5.00000000000000E+00  4.00000000000000E+00  3.00000000000000E+00  0.00000000000000E+00
 M25                   X                     Y                     Z                  N          
 N15       0.00000000000000E+00  8.00000000000000E+00  0.00000000000000E+00  0.00000000000000E+00
 N23       0.00000000000000E+00  1.20000000000000E+01  3.00000000000000E+00  0.00000000000000E+00
 M26                   X                     Y                     Z                  N          
 N15       0.00000000000000E+00  8.00000000000000E+00  0.00000000000000E+00  0.00000000000000E+00
 N51       5.00000000000000E+00  8.00000000000000E+00  3.00000000000000E+00  0.00000000000000E+00
 M37                   X                     Y                     Z                  N          
 N22       0.00000000000000E+00  1.20000000000000E+01  0.00000000000000E+00  0.00000000000000E+00
 N30       0.00000000000000E+00  1.60000000000000E+01  3.00000000000000E+00  0.00000000000000E+00
 M38                   X                     Y                     Z                  N          
 N22       0.00000000000000E+00  1.20000000000000E+01  0.00000000000000E+00  0.00000000000000E+00
 N58       5.00000000000000E+00  1.20000000000000E+01  3.00000000000000E+00  0.00000000000000E+00
 M49                   X                     Y                     Z                  N          
 N29       0.00000000000000E+00  1.60000000000000E+01  0.00000000000000E+00  0.00000000000000E+00
 N65       5.00000000000000E+00  1.60000000000000E+01  3.00000000000000E+00  0.00000000000000E+00
 M55                   X                     Y                     Z                  N          
 N36       5.00000000000000E+00  0.00000000000000E+00  0.00000000000000E+00  0.00000000000000E+00
 N44       5.00000000000000E+00  4.00000000000000E+00  3.00000000000000E+00  0.00000000000000E+00
 M56                   X                     Y                     Z                  N          
 N36       5.00000000000000E+00  0.00000000000000E+00  0.00000000000000E+00  0.00000000000000E+00
 N72       1.00000000000000E+01  0.00000000000000E+00  3.00000000000000E+00  0.00000000000000E+00
 M67                   X                     Y                     Z                  N          
 N43       5.00000000000000E+00  4.00000000000000E+00  0.00000000000000E+00  0.00000000000000E+00
 N51       5.00000000000000E+00  8.00000000000000E+00  3.00000000000000E+00  0.00000000000000E+00
 M68                   X                     Y                     Z                  N          
 N43       5.00000000000000E+00  4.00000000000000E+00  0.00000000000000E+00  0.00000000000000E+00
 N79       1.00000000000000E+01  4.00000000000000E+00  3.00000000000000E+00  0.00000000000000E+00
 M79                   X                     Y                     Z                  N          
 N50       5.00000000000000E+00  8.00000000000000E+00  0.00000000000000E+00  0.00000000000000E+00
 N58       5.00000000000000E+00  1.20000000000000E+01  3.00000000000000E+00  0.00000000000000E+00
 M80                   X                     Y                     Z                  N          
 N50       5.00000000000000E+00  8.00000000000000E+00  0.00000000000000E+00  0.00000000000000E+00
 N86       1.00000000000000E+01  8.00000000000000E+00  3.00000000000000E+00  0.00000000000000E+00
 M91                   X                     Y                     Z                  N          
 N57       5.00000000000000E+00  1.20000000000000E+01  0.00000000000000E+00  0.00000000000000E+00
 N65       5.00000000000000E+00  1.60000000000000E+01  3.00000000000000E+00  0.00000000000000E+00
 M92                   X                     Y                     Z                  N          
 N57       5.00000000000000E+00  1.20000000000000E+01  0.00000000000000E+00  0.00000000000000E+00
 N93       1.00000000000000E+01  1.20000000000000E+01  3.00000000000000E+00  0.00000000000000E+00
 M103                  X                     Y                     Z                  N          
 N64       5.00000000000000E+00  1.60000000000000E+01  0.00000000000000E+00  0.00000000000000E+00
 N100      1.00000000000000E+01  1.60000000000000E+01  3.00000000000000E+00  0.00000000000000E+00
 M109                  X                     Y                     Z                  N          
 N71       1.00000000000000E+01  0.00000000000000E+00  0.00000000000000E+00  0.00000000000000E+00
 N79       1.00000000000000E+01  4.00000000000000E+00  3.00000000000000E+00  0.00000000000000E+00
 M110                  X                     Y                     Z                  N          
 N71       1.00000000000000E+01  0.00000000000000E+00  0.00000000000000E+00  0.00000000000000E+00
 N107      1.50000000000000E+01  0.00000000000000E+00  3.00000000000000E+00  0.00000000000000E+00
 M121                  X                     Y                     Z                  N          
 N78       1.00000000000000E+01  4.00000000000000E+00  0.00000000000000E+00  0.00000000000000E+00
 N86       1.00000000000000E+01  8.00000000000000E+00  3.00000000000000E+00  0.00000000000000E+00
 M122                  X                     Y                     Z                  N          
 N78       1.00000000000000E+01  4.00000000000000E+00  0.00000000000000E+00  0.00000000000000E+00
 N114      1.50000000000000E+01  4.00000000000000E+00  3.00000000000000E+00  0.00000000000000E+00
 M133                  X                     Y                     Z                  N          
 N85       1.00000000000000E+01  8.00000000000000E+00  0.00000000000000E+00  0.00000000000000E+00
 N93       1.00000000000000E+01  1.20000000000000E+01  3.00000000000000E+00  0.00000000000000E+00
 M134                  X                     Y                     Z                  N          
 N85       1.00000000000000E+01  8.00000000000000E+00  0.00000000000000E+00  0.00000000000000E+00
 N121      1.50000000000000E+01  8.00000000000000E+00  3.00000000000000E+00  0.00000000000000E+00
 M145                  X                     Y                     Z                  N          
 N92       1.00000000000000E+01  1.20000000000000E+01  0.00000000000000E+00  0.00000000000000E+00
 N100      1.00000000000000E+01  1.60000000000000E+01  3.00000000000000E+00  0.00000000000000E+00
 M146                  X                     Y                     Z                  N          
 N92       1.00000000000000E+01  1.20000000000000E+01  0.00000000000000E+00  0.00000000000000E+00
 N128      1.50000000000000E+01  1.20000000000000E+01  3.00000000000000E+00  0.00000000000000E+00
 M157                  X                     Y                     Z                  N          
 N99       1.00000000000000E+01  1.60000000000000E+01  0.00000000000000E+00  0.00000000000000E+00
 N135      1.50000000000000E+01  1.60000000000000E+01  3.00000000000000E+00  0.00000000000000E+00
 M163                  X                     Y                     Z                  N          
 N106      1.50000000000000E+01  0.00000000000000E+00  0.00000000000000E+00  0.00000000000000E+00
 N114      1.50000000000000E+01  4.00000000000000E+00  3.00000000000000E+00  0.00000000000000E+00
 M169                  X                     Y                     Z                  N          
 N113      1.50000000000000E+01  4.00000000000000E+00  0.00000000000000E+00  0.00000000000000E+00
 N121      1.50000000000000E+01  8.00000000000000E+00  3.00000000000000E+00  0.00000000000000E+00
 M175                  X                     Y                     Z                  N          
 N120      1.50000000000000E+01  8.00000000000000E+00  0.00000000000000E+00  0.00000000000000E+00
 N128      1.50000000000000E+01  1.20000000000000E+01  3.00000000000000E+00  0.00000000000000E+00
 M181                  X                     Y                     Z                  N          
 N127      1.50000000000000E+01  1.20000000000000E+01  0.00000000000000E+00  0.00000000000000E+00
 N135      1.50000000000000E+01  1.60000000000000E+01  3.00000000000000E+00  0.00000000000000E+00
