[U4.42.01] Operator AFFE_CARA_ELEM man_u/u4/u4.42.01.pdf
[U4.44.04] Operator AFFE_CHAR_ACOU man_u/u4/u4.44.04.pdf
[U4.44.03] Operators AFFE_CHAR_CINE et AFFE_CHAR_CINE_F man_u/u4/u4.44.03.pdf
[U4.44.01] Operators AFFE_CHAR_MECA et AFFE_CHAR_MECA_F man_u/u4/u4.44.01.pdf
[U4.44.02] Operators AFFE_CHAR_THER et AFFE_CHAR_THER_F man_u/u4/u4.44.02.pdf
[U4.43.03] Operator AFFE_MATERIAU man_u/u4/u4.43.03.pdf
[U4.41.01] Operator AFFE_MODELE man_u/u4/u4.41.01.pdf
[U4.61.21] Macro-command MACRO_MATR_ASSE man_u/u4/u4.61.21.pdf
[U4.65.12] Operator ASSE_ELEM_SSD man_u/u4/u4.65.12.pdf
[U4.23.03] Operator ASSE_MAILLAGE man_u/u4/u4.23.03.pdf
[U4.61.22] Operator ASSE_MATRICE man_u/u4/u4.61.22.pdf
[U4.65.04] Operator ASSE_MATR_GENE man_u/u4/u4.65.04.pdf
[U4.61.23] Operator ASSE_VECTEUR man_u/u4/u4.61.23.pdf
[U4.65.05] Operator ASSE_VECT_GENE man_u/u4/u4.65.05.pdf
[U4.51.10] Operator CALCUL man_u/u4/u4.51.10.pdf
[U4.52.13] Operator CALC_AMOR_MODAL man_u/u4/u4.52.13.pdf
[U4.42.08] Opérateur CALC_BT man_u/u4/u4.42.08.pdf
[U4.81.04] Operator CALC_CHAMP man_u/u4/u4.81.04.pdf
[U4.81.03] Operator CALC_CHAM_ELEM man_u/u4/u4.81.03.pdf
[U4.66.04] Opérateur CALC_CHAM_FLUI man_u/u4/u4.66.04.pdf
[U4.61.03] Operator CALC_CHAR_CINE man_u/u4/u4.61.03.pdf
[U4.63.01] Operator CALC_CHAR_SEISME man_u/u4/u4.63.01.pdf
[U4.52.16] Opérateur CALC_CORR_SSD man_u/u4/u4.52.16.pdf
[U4.81.24] Opérateur CALC_COUPURE man_u/u4/u4.81.24.pdf
[U4.53.41] Opérateur CALC_ERC_DYN man_u/u4/u4.53.41.pdf
[U4.81.06] Operator CALC_ERREUR man_u/u4/u4.81.06.pdf
[U4.90.01] Macro-command CALC_ESSAI man_u/u4/u4.90.01.pdf
[U4.90.21] Opérateur CALC_ESSAI_GEOMECA man_u/u4/u4.90.21.pdf
[U7.03.10] Macro-command CALC_EUROPLEXUS man_u/u7/u7.03.10.pdf
[U4.83.02] Operator CALC_FATIGUE man_u/u4/u4.83.02.pdf
[U4.81.42] Operator CALC_FERRAILLAGE man_u/u4/u4.81.42.pdf
[U4.66.02] Operator CALC_FLUI_STRU man_u/u4/u4.66.02.pdf
[U4.32.04] Operator CALC_FONCTION man_u/u4/u4.32.04.pdf
[U4.32.01] Operator CALC_FONC_INTERP man_u/u4/u4.32.01.pdf
[U4.66.03] Operator CALC_FORC_AJOU man_u/u4/u4.66.03.pdf
[U4.84.21] Operator CALC_FORC_NONL man_u/u4/u4.84.21.pdf
[U4.82.03] Operator CALC_G man_u/u4/u4.82.03.pdf
[U4.82.09] Macro-commande CALC_GP man_u/u4/u4.82.09.pdf
[U7.06.01] Operator CALC_IFS_DNL man_u/u7/u7.06.01.pdf
[U4.36.03] Operator CALC_INTE_SPEC man_u/u4/u4.36.03.pdf
[U4.90.11] Opérateur CALC_MAC3COEUR man_u/u4/u4.90.11.pdf
[U4.66.01] Operator CALC_MATR_AJOU man_u/u4/u4.66.01.pdf
[U4.61.01] Operator CALC_MATR_ELEM man_u/u4/u4.61.01.pdf
[U4.85.01] Operator CALC_META man_u/u4/u4.85.01.pdf
[U7.03.12] Operator CALC_MISS man_u/u7/u7.03.12.pdf
[U4.52.02] Operator CALC_MODES man_u/u4/u4.52.02.pdf
[U4.52.51] Operator CALC_MODE_ROTATION man_u/u4/u4.52.51.pdf
[U4.42.05] Macro-command CALC_PRECONT man_u/u4/u4.42.05.pdf
[U4.81.43] Opérateur CALC_PRESSION man_u/u4/u4.81.43.pdf
[U4.32.21] Operator CALC_SPEC man_u/u4/u4.32.21.pdf
[U4.32.12] Macro-commande CALC_SPECTRE_IPM man_u/u4/u4.32.12.pdf
[U4.51.21] Macro-commande CALC_STABILITE man_u/u4/u4.51.21.pdf
[U4.33.03] Procedure CALC_TABLE man_u/u4/u4.33.03.pdf
[U4.53.51] Opérateur CALC_TRANSFERT man_u/u4/u4.53.51.pdf
[U4.61.02] Operator CALC_VECT_ELEM man_u/u4/u4.61.02.pdf
[U7.03.61] Opérateur CHAINAGE_THM man_u/u7/u7.03.61.pdf
[U4.81.44] Opérateur COMBINAISON_FERRAILLAGE man_u/u4/u4.81.44.pdf
[U4.83.31] Operator COMB_FOURIER man_u/u4/u4.83.31.pdf
[U4.72.01] Operator COMB_MATR_ASSE man_u/u4/u4.72.01.pdf
[U4.84.01] Operator COMB_SISM_MODAL man_u/u4/u4.84.01.pdf
[U4.14.02] Opérateur COPIER man_u/u4/u4.14.02.pdf
[U4.72.04] Operator CREA_CHAMP man_u/u4/u4.72.04.pdf
[U4.65.11] Operator CREA_ELEM_SSD man_u/u4/u4.65.11.pdf
[U7.03.04] Macro-commande  CREA_LIB_MFRONT man_u/u7/u7.03.04.pdf
[U4.23.02] Operator CREA_MAILLAGE man_u/u4/u4.23.02.pdf
[U4.44.12] Operator CREA_RESU man_u/u4/u4.44.12.pdf
[U4.33.02] Operator CREA_TABLE man_u/u4/u4.33.02.pdf
[U4.15.12] Operator DEBUG man_u/u4/u4.15.12.pdf
[U4.11.01] Procedure DEBUT man_u/u4/u4.11.01.pdf
[U4.64.02] Operator DEFI_BASE_MODALE man_u/u4/u4.64.02.pdf
[U4.67.01] Opérateur  DEFI_BASE_REDUITE man_u/u4/u4.67.01.pdf
[U4.42.04] Macro-command DEFI_CABLE_BP man_u/u4/u4.42.04.pdf
[U4.84.32] Commande DEFI_CHAR_SOL man_u/u4/u4.84.32.pdf
[U4.43.06] Operator DEFI_COMPOR man_u/u4/u4.43.06.pdf
[U4.42.03] Operator DEFI_COQU_MULT man_u/u4/u4.42.03.pdf
[U4.31.01] Operator DEFI_CONSTANTE man_u/u4/u4.31.01.pdf
[U4.44.11] Operator DEFI_CONTACT man_u/u4/u4.44.11.pdf
[U4.67.02] Opérateur  DEFI_DOMAINE_REDUIT man_u/u4/u4.67.02.pdf
[U4.12.03] Procedure DEFI_FICHIER man_u/u4/u4.12.03.pdf
[U4.82.08] Operator DEFI_FISS_XFEM man_u/u4/u4.82.08.pdf
[U4.25.01] Operator DEFI_FLUI_STRU man_u/u4/u4.25.01.pdf
[U4.31.02] Operator DEFI_FONCTION man_u/u4/u4.31.02.pdf
[U4.MK.10] Operator DEFI_FONC_ELEC man_u/u4/u4.mk.10.pdf
[U4.35.01] Operator DEFI_FONC_FLUI man_u/u4/u4.35.01.pdf
[U4.82.01] Operator DEFI_FOND_FISS man_u/u4/u4.82.01.pdf
[U4.26.01] Operator DEFI_GEOM_FIBRE man_u/u4/u4.26.01.pdf
[U4.42.06] Operator DEFI_GLRC man_u/u4/u4.42.06.pdf
[U4.24.02] Operator DEFI_GRILLE man_u/u4/u4.24.02.pdf
[U4.22.01] Operator DEFI_GROUP man_u/u4/u4.22.01.pdf
[U4.64.01] Operator DEFI_INTERF_DYNA man_u/u4/u4.64.01.pdf
[U4.36.02] Operator DEFI_INTE_SPEC man_u/u4/u4.36.02.pdf
[U4.34.02] Procedure DEFI_LIST_ENTI man_u/u4/u4.34.02.pdf
[U4.34.04] Opérateur DEFI_LIST_FREQ man_u/u4/u4.34.04.pdf
[U4.34.03] Operator DEFI_LIST_INST man_u/u4/u4.34.03.pdf
[U4.34.01] Operators DEFI_LIST_REEL man_u/u4/u4.34.01.pdf
[U4.23.01] Operator DEFI_MAILLAGE man_u/u4/u4.23.01.pdf
[U4.43.01] Operator DEFI_MATERIAU man_u/u4/u4.43.01.pdf
[U4.42.07] Opérateur DEFI_MATER_GC man_u/u4/u4.42.07.pdf
[U4.65.02] Operator DEFI_MODELE_GENE man_u/u4/u4.65.02.pdf
[U4.31.03] Operator DEFI_NAPPE man_u/u4/u4.31.03.pdf
[U4.44.21] Operator DEFI_OBSTACLE man_u/u4/u4.44.21.pdf
[U4.23.05] Operator DEFI_PART_FETI man_u/u4/u4.23.05.pdf
[U4.36.09] Opérateur DEFI_PROP_ALEA man_u/u4/u4.36.09.pdf
[U4.84.31] Opérateur DEFI_SOL_EQUI man_u/u4/u4.84.31.pdf
[U7.02.34] Operator DEFI_SOL_MISS man_u/u7/u7.02.34.pdf
[U4.44.31] Operator DEFI_SPEC_TURB man_u/u4/u4.44.31.pdf
[U4.24.01] Operator DEFI_SQUELETTE man_u/u4/u4.24.01.pdf
[U4.43.04] Operator DEFI_TRC man_u/u4/u4.43.04.pdf
[U4.62.02] Operator DEPL_INTERNE man_u/u4/u4.62.02.pdf
[U4.14.01] Operator DETRUIRE man_u/u4/u4.14.01.pdf
[U4.53.22] Operator DYNA_ALEA_MODAL man_u/u4/u4.53.22.pdf
[U4.53.31] Operator DYNA_ISS_VARI man_u/u4/u4.53.31.pdf
[U4.53.05] Opérateur DYNA_LINE man_u/u4/u4.53.05.pdf
[U4.53.01] Operator DYNA_NON_LINE man_u/u4/u4.53.01.pdf
[U4.53.23] Operator DYNA_SPEC_MODAL man_u/u4/u4.53.23.pdf
[U4.53.03] Opérateur DYNA_VIBRA man_u/u4/u4.53.03.pdf
[U4.53.04] Opérateur DYNA_VISCO man_u/u4/u4.53.04.pdf
[U4.55.03] Opérateur ELIM_LAGR man_u/u4/u4.55.03.pdf
[U4.92.11] Procedure ENGENDRE_TEST man_u/u4/u4.92.11.pdf
[U7.06.11] Operator ENV_CINE_YACS man_u/u7/u7.06.11.pdf
[U7.00.01] Operator EXEC_LOGICIEL man_u/u7/u7.00.01.pdf
[U4.52.12] Operator EXTR_MODE man_u/u4/u4.52.12.pdf
[U4.71.04] Operator EXTR_RESU man_u/u4/u4.71.04.pdf
[U4.71.05] Operator EXTR_TABLE man_u/u4/u4.71.05.pdf
[U4.55.01] Operator FACTORISER man_u/u4/u4.55.01.pdf
[U4.11.02] Procedure FIN man_u/u4/u4.11.02.pdf
[U4.35.02] Operator FONC_FLUI_STRU man_u/u4/u4.35.02.pdf
[U4.31.05] Operator FORMULE man_u/u4/u4.31.05.pdf
[U4.36.04] Opérateur GENE_ACCE_SEISME man_u/u4/u4.36.04.pdf
[U4.36.05] Operator GENE_FONC_ALEA man_u/u4/u4.36.05.pdf
[U7.03.03] Python methods for controlling GMSH man_u/u7/u7.03.03.pdf
[U4.36.08] Macro-commande IMPR_ACCE_SEISME man_u/u4/u4.36.08.pdf
[U4.91.11] Procedure IMPR_CO man_u/u4/u4.91.11.pdf
[U4.91.04] Opérateur IMPR_CONCEPT man_u/u4/u4.91.04.pdf
[U4.33.01] Operator IMPR_FONCTION man_u/u4/u4.33.01.pdf
[U4.91.02] Procedure IMPR_GENE man_u/u4/u4.91.02.pdf
[U4.91.21] Procedure IMPR_JEVEUX man_u/u4/u4.91.21.pdf
[U7.04.33] Procedure IMPR_MACR_ELEM man_u/u7/u7.04.33.pdf
[U7.06.23] Operator IMPR_MAIL_YACS man_u/u7/u7.06.23.pdf
[U7.04.51] Operator IMPR_OAR man_u/u7/u7.04.51.pdf
[U4.91.01] Procedure IMPR_RESU for 'RESULTAT' and 'ASTER' formats man_u/u4/u4.91.01.pdf
[U7.05.01] Procedure IMPR_RESU au format 'IDEAS' man_u/u7/u7.05.01.pdf
[U7.05.21] Procedure IMPR_RESU (FORMAT 'MED') man_u/u7/u7.05.21.pdf
[U7.05.32] Procedure IMPR_RESU au format ‘GMSH’ man_u/u7/u7.05.32.pdf
[U4.91.03] Procedure IMPR_TABLE man_u/u4/u4.91.03.pdf
[U4.13.01] Procedure INCLUDE man_u/u4/u4.13.01.pdf
[U4.43.02] Procedure INCLUDE_MATERIAU man_u/u4/u4.43.02.pdf
[U4.13.04] Operator INFO_EXEC_ASTER man_u/u4/u4.13.04.pdf
[U4.32.05] Operator INFO_FONCTION man_u/u4/u4.32.05.pdf
[U4.52.01] Procedure IMPR_STURM man_u/u4/u4.52.01.pdf
[U4.91.12] Procedure INFO_RESU man_u/u4/u4.91.12.pdf
[U7.02.02] Operator LIRE_CHAMP man_u/u7/u7.02.02.pdf
[U7.03.09] Opérateur LIRE_EUROPLEXUS man_u/u7/u7.03.09.pdf
[U4.32.02] Operator LIRE_FONCTION man_u/u4/u4.32.02.pdf
[U7.02.33] Operator LIRE_FORC_MISS man_u/u7/u7.02.33.pdf
[U7.02.32] Operator LIRE_IMPE_MISS man_u/u7/u7.02.32.pdf
[U4.36.01] Operator LIRE_INTE_SPEC man_u/u4/u4.36.01.pdf
[U4.21.01] Operator LIRE_MAILLAGE man_u/u4/u4.21.01.pdf
[U7.02.11] Operator LIRE_PLEXUS man_u/u7/u7.02.11.pdf
[U7.02.01] Operator LIRE_RESU man_u/u7/u7.02.01.pdf
[U7.02.03] Operator LIRE_TABLE man_u/u7/u7.02.03.pdf
[U4.32.13] Macro-commande LISS_SPECTRE man_u/u4/u4.32.13.pdf
[U4.51.02] Macro-command MACRO_ELAS_MULT man_u/u4/u4.51.02.pdf
[U4.90.02] Macro-command MACRO_EXPANS man_u/u4/u4.90.02.pdf
[U4.66.11] Macro-command MACRO_MATR_AJOU man_u/u4/u4.66.11.pdf
[U7.03.01] Macro-command MACR_ADAP_MAIL man_u/u7/u7.03.01.pdf
[U4.42.02] Macro-command MACR_CARA_POUTRE man_u/u4/u4.42.02.pdf
[U4.44.14] Macro-command MACR_ECLA_PG man_u/u4/u4.44.14.pdf
[U7.03.41] Procedure MACR_ECREVISSE man_u/u7/u7.03.41.pdf
[U4.65.01] Operator MACR_ELEM_DYNA man_u/u4/u4.65.01.pdf
[U4.62.01] Operator MACR_ELEM_STAT man_u/u4/u4.62.01.pdf
[U7.03.02] Macro-command MACR_INFO_MAIL man_u/u7/u7.03.02.pdf
[U4.81.13] Operator MACR_LIGN_COUPE man_u/u4/u4.81.13.pdf
[U4.73.02] Macro-command MACR_RECAL man_u/u4/u4.73.02.pdf
[U4.32.11] Macro-command MACR_SPECTRE man_u/u4/u4.32.11.pdf
[U4.52.15] Operator MAC_MODES man_u/u4/u4.52.15.pdf
[U4.15.01] Procedure MAJ_CATA man_u/u4/u4.15.01.pdf
[U4.51.01] Operator MECA_STATIQUE man_u/u4/u4.51.01.pdf
[U4.52.05] Operator MODE_ITER_CYCL man_u/u4/u4.52.05.pdf
[U4.52.06] Opérateur MODE_NON_LINE man_u/u4/u4.52.06.pdf
[U4.52.14] Operator MODE_STATIQUE man_u/u4/u4.52.14.pdf
[U4.66.21] Operator MODI_BASE_MODALE man_u/u4/u4.66.21.pdf
[U7.06.22] Operator MODI_CHAR_YACS man_u/u7/u7.06.22.pdf
[U4.23.04] Operator MODI_MAILLAGE man_u/u4/u4.23.04.pdf
[U4.41.02] Operator MODI_MODELE man_u/u4/u4.41.02.pdf
[U4.41.11] Operator MODI_MODELE_XFEM man_u/u4/u4.41.11.pdf
[U4.74.01] Operator MODI_REPERE man_u/u4/u4.74.01.pdf
[U4.52.11] Operator NORM_MODE man_u/u4/u4.52.11.pdf
[U4.61.11] Operator NUME_DDL man_u/u4/u4.61.11.pdf
[U4.65.03] Operator NUME_DDL_GENE man_u/u4/u4.65.03.pdf
[U4.90.03] Macro-command OBSERVATION man_u/u4/u4.90.03.pdf
[U4.90.13] Macro-commande PERM_MAC3COEUR man_u/u4/u4.90.13.pdf
[U4.81.41] Operator POST_BORDET man_u/u4/u4.81.41.pdf
[U4.81.05] Operator POST_CHAMP man_u/u4/u4.81.05.pdf
[U4.82.22] Operator POST_CHAM_XFEM man_u/u4/u4.82.22.pdf
[U4.81.23] Operator POST_COQUE man_u/u4/u4.81.23.pdf
[U4.86.02] Opérateur POST_CZM_FISS man_u/u4/u4.86.02.pdf
[U4.84.11] Operator POST_DECOLLEMENT man_u/u4/u4.84.11.pdf
[U4.84.04] Operator POST_DYNA_ALEA man_u/u4/u4.84.04.pdf
[U4.84.02] Operator POST_DYNA_MODA_T man_u/u4/u4.84.02.pdf
[U4.81.22] Operator POST_ELEM man_u/u4/u4.81.22.pdf
[U4.86.01] Procedure POST_ENDO_FISS man_u/u4/u4.86.01.pdf
[U4.81.07] Opérateur POST_ERREUR man_u/u4/u4.81.07.pdf
[U4.83.01] Operator POST_FATIGUE man_u/u4/u4.83.01.pdf
[U4.84.03] Operator POST_FATI_ALEA man_u/u4/u4.84.03.pdf
[U4.63.36] Opérateur POST_GENE_PHYS man_u/u4/u4.63.36.pdf
[U4.82.05] Operator POST_K1_K2_K3 man_u/u4/u4.82.05.pdf
[U4.82.07] Operator POST_K_BETA man_u/u4/u4.82.07.pdf
[U4.82.30] Operator POST_K_TRANS man_u/u4/u4.82.30.pdf
[U4.84.44] Opérateur POST_LIQUEFACTION man_u/u4/u4.84.44.pdf
[U4.90.12] Opérateur POST_MAC3COEUR man_u/u4/u4.90.12.pdf
[U4.82.21] Operator POST_MAIL_XFEM man_u/u4/u4.82.21.pdf
[U4.84.45] Macro-commande POST_NEWMARK man_u/u4/u4.84.45.pdf
[U4.83.11] Operator POST_RCCM man_u/u4/u4.83.11.pdf
[U4.81.21] Operator POST_RELEVE_T man_u/u4/u4.81.21.pdf
[U4.82.04] Operator POST_RUPTURE man_u/u4/u4.82.04.pdf
[U4.82.40] POST_T_Q operator man_u/u4/u4.82.40.pdf
[U4.84.05] Operator POST_USURE man_u/u4/u4.84.05.pdf
[U4.11.03] Procedure POURSUITE man_u/u4/u4.11.03.pdf
[U7.01.11] Procedure PRE_GIBI man_u/u7/u7.01.11.pdf
[U7.01.31] Procedure PRE_GMSH man_u/u7/u7.01.31.pdf
[U7.01.01] Procedure PRE_IDEAS man_u/u7/u7.01.01.pdf
[U4.63.02] Opérateur PRE_SEISME_NONL man_u/u4/u4.63.02.pdf
[U4.72.06] Operator PROD_MATR_CHAM man_u/u4/u4.72.06.pdf
[U4.63.11] Macro-command MACRO_PROJ_BASE man_u/u4/u4.63.11.pdf
[U4.72.05] Operator PROJ_CHAMP man_u/u4/u4.72.05.pdf
[U4.63.12] Operator PROJ_MATR_BASE man_u/u4/u4.63.12.pdf
[U4.73.01] Operator PROJ_MESU_MODAL man_u/u4/u4.73.01.pdf
[U4.63.14] Operator PROJ_SPEC_BASE man_u/u4/u4.63.14.pdf
[U4.63.13] Operator PROJ_VECT_BASE man_u/u4/u4.63.13.pdf
[U4.82.11] Operator PROPA_FISS man_u/u4/u4.82.11.pdf
[U7.03.71] Opérateur RAFF_GP man_u/u7/u7.03.71.pdf
[U7.03.51] Macro-command RAFF_XFEM man_u/u7/u7.03.51.pdf
[U4.82.06] Operator RECA_WEIBULL man_u/u4/u4.82.06.pdf
[U4.32.03] Operator RECU_FONCTION man_u/u4/u4.32.03.pdf
[U4.71.03] Operator RECU_GENE man_u/u4/u4.71.03.pdf
[U7.06.21] Operator RECU_PARA_YACS man_u/u7/u7.06.21.pdf
[U4.71.02] Operator RECU_TABLE man_u/u4/u4.71.02.pdf
[U4.55.02] Operator RESOUDRE man_u/u4/u4.55.02.pdf
[U4.63.33] Operator REST_COND_TRAN man_u/u4/u4.63.33.pdf
[U4.63.31] Operator REST_GENE_PHYS man_u/u4/u4.63.31.pdf
[U4.63.35] Opérateur REST_MODE_NONL man_u/u4/u4.63.35.pdf
[U4.67.03] Opérateur REST_REDUIT_COMPLET man_u/u4/u4.67.03.pdf
[U4.63.32] Operator REST_SOUS_STRUC man_u/u4/u4.63.32.pdf
[U4.63.22] Operator REST_SPEC_PHYS man_u/u4/u4.63.22.pdf
[U4.63.34] Operator REST_SPEC_TEMP man_u/u4/u4.63.34.pdf
[U4.71.00] Select of one or more fields in a data structure RESULTAT man_u/u4/u4.71.00.pdf
[U4.51.12] Macro-command SIMU_POINT_MAT man_u/u4/u4.51.12.pdf
[U4.50.01] Keyword SOLVEUR man_u/u4/u4.50.01.pdf
[U4.51.03] Operator STAT_NON_LINE man_u/u4/u4.51.03.pdf
[U4.92.06] Procedure TEST_COMPOR man_u/u4/u4.92.06.pdf
[U4.92.04] Procedure TEST_FICHIER man_u/u4/u4.92.04.pdf
[U4.92.02] Procedure TEST_FONCTION man_u/u4/u4.92.02.pdf
[U4.92.01] Procedure TEST_RESU man_u/u4/u4.92.01.pdf
[U4.92.03] Procedure TEST_TABLE man_u/u4/u4.92.03.pdf
[U4.54.01] Operator THER_LINEAIRE man_u/u4/u4.54.01.pdf
[U4.54.02] Operator THER_NON_LINE man_u/u4/u4.54.02.pdf
[U4.54.03] Operator THER_NON_LINE_MO man_u/u4/u4.54.03.pdf
